<?xml version="1.0" encoding="UTF-8"?>
<coverage generated="1624735207930" clover="3.2.0">
  <project timestamp="1624735207930" name="All files">
    <metrics statements="66" coveredstatements="63" conditionals="28" coveredconditionals="20" methods="23" coveredmethods="23" elements="117" coveredelements="106" complexity="0" loc="66" ncloc="66" packages="1" files="2" classes="2"/>
    <file name="app.js" path="/home/luka/Desktop/Senior projects/Atelier/app.js">
      <metrics statements="27" coveredstatements="24" conditionals="16" coveredconditionals="13" methods="9" coveredmethods="9"/>
      <line num="1" count="1" type="stmt"/>
      <line num="2" count="1" type="stmt"/>
      <line num="3" count="1" type="stmt"/>
      <line num="5" count="1" type="stmt"/>
      <line num="6" count="1" type="stmt"/>
      <line num="8" count="1" type="stmt"/>
      <line num="9" count="1" type="stmt"/>
      <line num="12" count="1" type="stmt"/>
      <line num="13" count="1" type="cond" truecount="2" falsecount="0"/>
      <line num="14" count="1" type="cond" truecount="2" falsecount="0"/>
      <line num="15" count="1" type="stmt"/>
      <line num="18" count="1" type="stmt"/>
      <line num="19" count="1" type="stmt"/>
      <line num="21" count="1" type="cond" truecount="3" falsecount="1"/>
      <line num="22" count="0" type="stmt"/>
      <line num="24" count="1" type="stmt"/>
      <line num="28" count="1" type="stmt"/>
      <line num="29" count="1" type="stmt"/>
      <line num="31" count="1" type="cond" truecount="3" falsecount="1"/>
      <line num="32" count="0" type="stmt"/>
      <line num="34" count="1" type="stmt"/>
      <line num="38" count="1" type="stmt"/>
      <line num="39" count="1" type="stmt"/>
      <line num="41" count="1" type="cond" truecount="3" falsecount="1"/>
      <line num="42" count="0" type="stmt"/>
      <line num="44" count="1" type="stmt"/>
      <line num="48" count="1" type="stmt"/>
    </file>
    <file name="dbQueries.js" path="/home/luka/Desktop/Senior projects/Atelier/dbQueries.js">
      <metrics statements="39" coveredstatements="39" conditionals="12" coveredconditionals="7" methods="14" coveredmethods="14"/>
      <line num="1" count="2" type="stmt"/>
      <line num="3" count="2" type="stmt"/>
      <line num="11" count="5" type="stmt"/>
      <line num="12" count="5" type="stmt"/>
      <line num="13" count="5" type="stmt"/>
      <line num="14" count="5" type="stmt"/>
      <line num="15" count="5" type="cond" truecount="1" falsecount="1"/>
      <line num="16" count="5" type="stmt"/>
      <line num="17" count="5" type="stmt"/>
      <line num="22" count="3" type="stmt"/>
      <line num="25" count="3" type="cond" truecount="1" falsecount="1"/>
      <line num="26" count="3" type="stmt"/>
      <line num="31" count="4" type="stmt"/>
      <line num="39" count="4" type="cond" truecount="1" falsecount="1"/>
      <line num="40" count="4" type="stmt"/>
      <line num="44" count="4" type="stmt"/>
      <line num="46" count="4" type="stmt"/>
      <line num="47" count="13" type="stmt"/>
      <line num="49" count="13" type="stmt"/>
      <line num="51" count="13" type="stmt"/>
      <line num="60" count="13" type="cond" truecount="1" falsecount="1"/>
      <line num="61" count="13" type="stmt"/>
      <line num="63" count="13" type="stmt"/>
      <line num="64" count="83" type="stmt"/>
      <line num="65" count="83" type="stmt"/>
      <line num="68" count="13" type="stmt"/>
      <line num="69" count="13" type="cond" truecount="2" falsecount="0"/>
      <line num="70" count="13" type="stmt"/>
      <line num="71" count="13" type="stmt"/>
      <line num="76" count="4" type="stmt"/>
      <line num="77" count="4" type="stmt"/>
      <line num="81" count="4" type="stmt"/>
      <line num="87" count="3" type="stmt"/>
      <line num="88" count="3" type="cond" truecount="1" falsecount="1"/>
      <line num="89" count="3" type="stmt"/>
      <line num="90" count="3" type="stmt"/>
      <line num="91" count="14" type="stmt"/>
      <line num="93" count="3" type="stmt"/>
      <line num="99" count="2" type="stmt"/>
    </file>
  </project>
</coverage>
