{"/home/luka/Desktop/Senior projects/Atelier/app.js": {"path":"/home/luka/Desktop/Senior projects/Atelier/app.js","statementMap":{"0":{"start":{"line":1,"column":16},"end":{"line":1,"column":34}},"1":{"start":{"line":2,"column":11},"end":{"line":2,"column":33}},"2":{"start":{"line":3,"column":12},"end":{"line":3,"column":21}},"3":{"start":{"line":5,"column":0},"end":{"line":5,"column":24}},"4":{"start":{"line":6,"column":0},"end":{"line":6,"column":30}},"5":{"start":{"line":8,"column":0},"end":{"line":10,"column":2}},"6":{"start":{"line":9,"column":2},"end":{"line":9,"column":36}},"7":{"start":{"line":12,"column":0},"end":{"line":16,"column":2}},"8":{"start":{"line":13,"column":13},"end":{"line":13,"column":40}},"9":{"start":{"line":14,"column":14},"end":{"line":14,"column":42}},"10":{"start":{"line":15,"column":2},"end":{"line":15,"column":60}},"11":{"start":{"line":15,"column":43},"end":{"line":15,"column":59}},"12":{"start":{"line":18,"column":0},"end":{"line":26,"column":2}},"13":{"start":{"line":19,"column":18},"end":{"line":19,"column":38}},"14":{"start":{"line":21,"column":2},"end":{"line":25,"column":3}},"15":{"start":{"line":22,"column":4},"end":{"line":22,"column":53}},"16":{"start":{"line":24,"column":4},"end":{"line":24,"column":67}},"17":{"start":{"line":24,"column":45},"end":{"line":24,"column":61}},"18":{"start":{"line":28,"column":0},"end":{"line":36,"column":2}},"19":{"start":{"line":29,"column":18},"end":{"line":29,"column":38}},"20":{"start":{"line":31,"column":2},"end":{"line":35,"column":3}},"21":{"start":{"line":32,"column":4},"end":{"line":32,"column":53}},"22":{"start":{"line":34,"column":4},"end":{"line":34,"column":64}},"23":{"start":{"line":34,"column":47},"end":{"line":34,"column":63}},"24":{"start":{"line":38,"column":0},"end":{"line":46,"column":2}},"25":{"start":{"line":39,"column":18},"end":{"line":39,"column":38}},"26":{"start":{"line":41,"column":2},"end":{"line":45,"column":3}},"27":{"start":{"line":42,"column":4},"end":{"line":42,"column":53}},"28":{"start":{"line":44,"column":4},"end":{"line":44,"column":66}},"29":{"start":{"line":44,"column":49},"end":{"line":44,"column":65}},"30":{"start":{"line":48,"column":0},"end":{"line":48,"column":21}}},"fnMap":{"0":{"name":"(anonymous_0)","decl":{"start":{"line":8,"column":13},"end":{"line":8,"column":14}},"loc":{"start":{"line":8,"column":27},"end":{"line":10,"column":1}},"line":8},"1":{"name":"(anonymous_1)","decl":{"start":{"line":12,"column":21},"end":{"line":12,"column":22}},"loc":{"start":{"line":12,"column":35},"end":{"line":16,"column":1}},"line":12},"2":{"name":"(anonymous_2)","decl":{"start":{"line":15,"column":31},"end":{"line":15,"column":32}},"loc":{"start":{"line":15,"column":43},"end":{"line":15,"column":59}},"line":15},"3":{"name":"(anonymous_3)","decl":{"start":{"line":18,"column":32},"end":{"line":18,"column":33}},"loc":{"start":{"line":18,"column":46},"end":{"line":26,"column":1}},"line":18},"4":{"name":"(anonymous_4)","decl":{"start":{"line":24,"column":33},"end":{"line":24,"column":34}},"loc":{"start":{"line":24,"column":45},"end":{"line":24,"column":61}},"line":24},"5":{"name":"(anonymous_5)","decl":{"start":{"line":28,"column":39},"end":{"line":28,"column":40}},"loc":{"start":{"line":28,"column":53},"end":{"line":36,"column":1}},"line":28},"6":{"name":"(anonymous_6)","decl":{"start":{"line":34,"column":35},"end":{"line":34,"column":36}},"loc":{"start":{"line":34,"column":47},"end":{"line":34,"column":63}},"line":34},"7":{"name":"(anonymous_7)","decl":{"start":{"line":38,"column":40},"end":{"line":38,"column":41}},"loc":{"start":{"line":38,"column":54},"end":{"line":46,"column":1}},"line":38},"8":{"name":"(anonymous_8)","decl":{"start":{"line":44,"column":37},"end":{"line":44,"column":38}},"loc":{"start":{"line":44,"column":49},"end":{"line":44,"column":65}},"line":44}},"branchMap":{"0":{"loc":{"start":{"line":13,"column":13},"end":{"line":13,"column":40}},"type":"binary-expr","locations":[{"start":{"line":13,"column":13},"end":{"line":13,"column":35}},{"start":{"line":13,"column":39},"end":{"line":13,"column":40}}],"line":13},"1":{"loc":{"start":{"line":14,"column":14},"end":{"line":14,"column":42}},"type":"binary-expr","locations":[{"start":{"line":14,"column":14},"end":{"line":14,"column":37}},{"start":{"line":14,"column":41},"end":{"line":14,"column":42}}],"line":14},"2":{"loc":{"start":{"line":21,"column":2},"end":{"line":25,"column":3}},"type":"if","locations":[{"start":{"line":21,"column":2},"end":{"line":25,"column":3}},{"start":{"line":21,"column":2},"end":{"line":25,"column":3}}],"line":21},"3":{"loc":{"start":{"line":21,"column":6},"end":{"line":21,"column":48}},"type":"binary-expr","locations":[{"start":{"line":21,"column":6},"end":{"line":21,"column":20}},{"start":{"line":21,"column":24},"end":{"line":21,"column":48}}],"line":21},"4":{"loc":{"start":{"line":31,"column":2},"end":{"line":35,"column":3}},"type":"if","locations":[{"start":{"line":31,"column":2},"end":{"line":35,"column":3}},{"start":{"line":31,"column":2},"end":{"line":35,"column":3}}],"line":31},"5":{"loc":{"start":{"line":31,"column":6},"end":{"line":31,"column":48}},"type":"binary-expr","locations":[{"start":{"line":31,"column":6},"end":{"line":31,"column":20}},{"start":{"line":31,"column":24},"end":{"line":31,"column":48}}],"line":31},"6":{"loc":{"start":{"line":41,"column":2},"end":{"line":45,"column":3}},"type":"if","locations":[{"start":{"line":41,"column":2},"end":{"line":45,"column":3}},{"start":{"line":41,"column":2},"end":{"line":45,"column":3}}],"line":41},"7":{"loc":{"start":{"line":41,"column":6},"end":{"line":41,"column":48}},"type":"binary-expr","locations":[{"start":{"line":41,"column":6},"end":{"line":41,"column":20}},{"start":{"line":41,"column":24},"end":{"line":41,"column":48}}],"line":41}},"s":{"0":1,"1":1,"2":1,"3":1,"4":1,"5":1,"6":1,"7":1,"8":1,"9":1,"10":1,"11":1,"12":1,"13":1,"14":1,"15":0,"16":1,"17":1,"18":1,"19":1,"20":1,"21":0,"22":1,"23":1,"24":1,"25":1,"26":1,"27":0,"28":1,"29":1,"30":1},"f":{"0":1,"1":1,"2":1,"3":1,"4":1,"5":1,"6":1,"7":1,"8":1},"b":{"0":[1,1],"1":[1,1],"2":[0,1],"3":[1,1],"4":[0,1],"5":[1,1],"6":[0,1],"7":[1,1]},"_coverageSchema":"1a1c01bbd47fc00a2c39e90264f33305004495a9","hash":"fdf0a6e9c05dcc234c95d9732c3681e2a0ce2577"}
,"/home/luka/Desktop/Senior projects/Atelier/dbQueries.js": {"path":"/home/luka/Desktop/Senior projects/Atelier/dbQueries.js","statementMap":{"0":{"start":{"line":1,"column":17},"end":{"line":1,"column":30}},"1":{"start":{"line":3,"column":13},"end":{"line":8,"column":2}},"2":{"start":{"line":11,"column":14},"end":{"line":11,"column":34}},"3":{"start":{"line":12,"column":12},"end":{"line":12,"column":28}},"4":{"start":{"line":13,"column":15},"end":{"line":13,"column":25}},"5":{"start":{"line":14,"column":2},"end":{"line":18,"column":4}},"6":{"start":{"line":15,"column":4},"end":{"line":15,"column":32}},"7":{"start":{"line":15,"column":13},"end":{"line":15,"column":32}},"8":{"start":{"line":16,"column":4},"end":{"line":16,"column":17}},"9":{"start":{"line":17,"column":4},"end":{"line":17,"column":37}},"10":{"start":{"line":22,"column":2},"end":{"line":27,"column":4}},"11":{"start":{"line":25,"column":4},"end":{"line":25,"column":32}},"12":{"start":{"line":25,"column":13},"end":{"line":25,"column":32}},"13":{"start":{"line":26,"column":4},"end":{"line":26,"column":20}},"14":{"start":{"line":31,"column":2},"end":{"line":83,"column":4}},"15":{"start":{"line":39,"column":4},"end":{"line":39,"column":32}},"16":{"start":{"line":39,"column":13},"end":{"line":39,"column":32}},"17":{"start":{"line":40,"column":17},"end":{"line":40,"column":25}},"18":{"start":{"line":44,"column":19},"end":{"line":44,"column":21}},"19":{"start":{"line":46,"column":4},"end":{"line":74,"column":7}},"20":{"start":{"line":47,"column":6},"end":{"line":73,"column":10}},"21":{"start":{"line":49,"column":22},"end":{"line":49,"column":36}},"22":{"start":{"line":51,"column":8},"end":{"line":72,"column":10}},"23":{"start":{"line":60,"column":10},"end":{"line":60,"column":38}},"24":{"start":{"line":60,"column":19},"end":{"line":60,"column":38}},"25":{"start":{"line":61,"column":21},"end":{"line":61,"column":23}},"26":{"start":{"line":63,"column":10},"end":{"line":66,"column":12}},"27":{"start":{"line":64,"column":24},"end":{"line":64,"column":61}},"28":{"start":{"line":65,"column":12},"end":{"line":65,"column":55}},"29":{"start":{"line":68,"column":10},"end":{"line":68,"column":57}},"30":{"start":{"line":69,"column":10},"end":{"line":69,"column":84}},"31":{"start":{"line":70,"column":10},"end":{"line":70,"column":28}},"32":{"start":{"line":71,"column":10},"end":{"line":71,"column":23}},"33":{"start":{"line":76,"column":4},"end":{"line":82,"column":6}},"34":{"start":{"line":77,"column":19},"end":{"line":80,"column":7}},"35":{"start":{"line":81,"column":6},"end":{"line":81,"column":16}},"36":{"start":{"line":87,"column":2},"end":{"line":94,"column":4}},"37":{"start":{"line":88,"column":4},"end":{"line":88,"column":32}},"38":{"start":{"line":88,"column":13},"end":{"line":88,"column":32}},"39":{"start":{"line":89,"column":18},"end":{"line":89,"column":20}},"40":{"start":{"line":90,"column":4},"end":{"line":92,"column":6}},"41":{"start":{"line":91,"column":6},"end":{"line":91,"column":42}},"42":{"start":{"line":93,"column":4},"end":{"line":93,"column":16}},"43":{"start":{"line":99,"column":0},"end":{"line":105,"column":1}}},"fnMap":{"0":{"name":"listProducts","decl":{"start":{"line":10,"column":9},"end":{"line":10,"column":21}},"loc":{"start":{"line":10,"column":39},"end":{"line":19,"column":1}},"line":10},"1":{"name":"(anonymous_1)","decl":{"start":{"line":14,"column":74},"end":{"line":14,"column":75}},"loc":{"start":{"line":14,"column":88},"end":{"line":18,"column":3}},"line":14},"2":{"name":"getProductInfo","decl":{"start":{"line":21,"column":9},"end":{"line":21,"column":23}},"loc":{"start":{"line":21,"column":39},"end":{"line":28,"column":1}},"line":21},"3":{"name":"(anonymous_3)","decl":{"start":{"line":24,"column":46},"end":{"line":24,"column":47}},"loc":{"start":{"line":24,"column":60},"end":{"line":27,"column":3}},"line":24},"4":{"name":"getProductStyles","decl":{"start":{"line":30,"column":9},"end":{"line":30,"column":25}},"loc":{"start":{"line":30,"column":41},"end":{"line":84,"column":1}},"line":30},"5":{"name":"(anonymous_5)","decl":{"start":{"line":38,"column":39},"end":{"line":38,"column":40}},"loc":{"start":{"line":38,"column":53},"end":{"line":83,"column":3}},"line":38},"6":{"name":"(anonymous_6)","decl":{"start":{"line":46,"column":19},"end":{"line":46,"column":20}},"loc":{"start":{"line":46,"column":28},"end":{"line":74,"column":5}},"line":46},"7":{"name":"(anonymous_7)","decl":{"start":{"line":47,"column":32},"end":{"line":47,"column":33}},"loc":{"start":{"line":47,"column":43},"end":{"line":73,"column":7}},"line":47},"8":{"name":"(anonymous_8)","decl":{"start":{"line":59,"column":54},"end":{"line":59,"column":55}},"loc":{"start":{"line":59,"column":68},"end":{"line":72,"column":9}},"line":59},"9":{"name":"(anonymous_9)","decl":{"start":{"line":63,"column":27},"end":{"line":63,"column":28}},"loc":{"start":{"line":63,"column":34},"end":{"line":66,"column":11}},"line":63},"10":{"name":"(anonymous_10)","decl":{"start":{"line":76,"column":31},"end":{"line":76,"column":32}},"loc":{"start":{"line":76,"column":37},"end":{"line":82,"column":5}},"line":76},"11":{"name":"getRelatedProducts","decl":{"start":{"line":86,"column":9},"end":{"line":86,"column":27}},"loc":{"start":{"line":86,"column":43},"end":{"line":95,"column":1}},"line":86},"12":{"name":"(anonymous_12)","decl":{"start":{"line":87,"column":99},"end":{"line":87,"column":100}},"loc":{"start":{"line":87,"column":113},"end":{"line":94,"column":3}},"line":87},"13":{"name":"(anonymous_13)","decl":{"start":{"line":90,"column":21},"end":{"line":90,"column":22}},"loc":{"start":{"line":90,"column":28},"end":{"line":92,"column":5}},"line":90}},"branchMap":{"0":{"loc":{"start":{"line":15,"column":4},"end":{"line":15,"column":32}},"type":"if","locations":[{"start":{"line":15,"column":4},"end":{"line":15,"column":32}},{"start":{"line":15,"column":4},"end":{"line":15,"column":32}}],"line":15},"1":{"loc":{"start":{"line":25,"column":4},"end":{"line":25,"column":32}},"type":"if","locations":[{"start":{"line":25,"column":4},"end":{"line":25,"column":32}},{"start":{"line":25,"column":4},"end":{"line":25,"column":32}}],"line":25},"2":{"loc":{"start":{"line":39,"column":4},"end":{"line":39,"column":32}},"type":"if","locations":[{"start":{"line":39,"column":4},"end":{"line":39,"column":32}},{"start":{"line":39,"column":4},"end":{"line":39,"column":32}}],"line":39},"3":{"loc":{"start":{"line":60,"column":10},"end":{"line":60,"column":38}},"type":"if","locations":[{"start":{"line":60,"column":10},"end":{"line":60,"column":38}},{"start":{"line":60,"column":10},"end":{"line":60,"column":38}}],"line":60},"4":{"loc":{"start":{"line":69,"column":29},"end":{"line":69,"column":83}},"type":"cond-expr","locations":[{"start":{"line":69,"column":59},"end":{"line":69,"column":64}},{"start":{"line":69,"column":67},"end":{"line":69,"column":83}}],"line":69},"5":{"loc":{"start":{"line":88,"column":4},"end":{"line":88,"column":32}},"type":"if","locations":[{"start":{"line":88,"column":4},"end":{"line":88,"column":32}},{"start":{"line":88,"column":4},"end":{"line":88,"column":32}}],"line":88}},"s":{"0":2,"1":2,"2":5,"3":5,"4":5,"5":5,"6":5,"7":0,"8":5,"9":5,"10":3,"11":3,"12":0,"13":3,"14":4,"15":4,"16":0,"17":4,"18":4,"19":4,"20":13,"21":13,"22":13,"23":13,"24":0,"25":13,"26":13,"27":83,"28":83,"29":13,"30":13,"31":13,"32":13,"33":4,"34":4,"35":4,"36":3,"37":3,"38":0,"39":3,"40":3,"41":14,"42":3,"43":2},"f":{"0":5,"1":5,"2":3,"3":3,"4":4,"5":4,"6":13,"7":13,"8":13,"9":83,"10":4,"11":3,"12":3,"13":14},"b":{"0":[0,5],"1":[0,3],"2":[0,4],"3":[0,13],"4":[12,1],"5":[0,3]},"_coverageSchema":"1a1c01bbd47fc00a2c39e90264f33305004495a9","hash":"0d3e6d7a4732171daba0962c9ed9d72de0dbf372"}
}
