{"/home/luka/Desktop/Senior projects/Atelier/app.js": {"path":"/home/luka/Desktop/Senior projects/Atelier/app.js","statementMap":{"0":{"start":{"line":1,"column":16},"end":{"line":1,"column":34}},"1":{"start":{"line":2,"column":11},"end":{"line":2,"column":33}},"2":{"start":{"line":3,"column":12},"end":{"line":3,"column":21}},"3":{"start":{"line":5,"column":0},"end":{"line":5,"column":24}},"4":{"start":{"line":6,"column":0},"end":{"line":6,"column":30}},"5":{"start":{"line":8,"column":0},"end":{"line":10,"column":2}},"6":{"start":{"line":9,"column":2},"end":{"line":9,"column":36}},"7":{"start":{"line":12,"column":0},"end":{"line":16,"column":2}},"8":{"start":{"line":13,"column":13},"end":{"line":13,"column":40}},"9":{"start":{"line":14,"column":14},"end":{"line":14,"column":42}},"10":{"start":{"line":15,"column":2},"end":{"line":15,"column":60}},"11":{"start":{"line":15,"column":43},"end":{"line":15,"column":59}},"12":{"start":{"line":18,"column":0},"end":{"line":26,"column":2}},"13":{"start":{"line":19,"column":18},"end":{"line":19,"column":38}},"14":{"start":{"line":21,"column":2},"end":{"line":25,"column":3}},"15":{"start":{"line":22,"column":4},"end":{"line":22,"column":53}},"16":{"start":{"line":24,"column":4},"end":{"line":24,"column":67}},"17":{"start":{"line":24,"column":45},"end":{"line":24,"column":61}},"18":{"start":{"line":28,"column":0},"end":{"line":36,"column":2}},"19":{"start":{"line":29,"column":18},"end":{"line":29,"column":38}},"20":{"start":{"line":31,"column":2},"end":{"line":35,"column":3}},"21":{"start":{"line":32,"column":4},"end":{"line":32,"column":53}},"22":{"start":{"line":34,"column":4},"end":{"line":34,"column":64}},"23":{"start":{"line":34,"column":47},"end":{"line":34,"column":63}},"24":{"start":{"line":38,"column":0},"end":{"line":46,"column":2}},"25":{"start":{"line":39,"column":18},"end":{"line":39,"column":38}},"26":{"start":{"line":41,"column":2},"end":{"line":45,"column":3}},"27":{"start":{"line":42,"column":4},"end":{"line":42,"column":53}},"28":{"start":{"line":44,"column":4},"end":{"line":44,"column":66}},"29":{"start":{"line":44,"column":49},"end":{"line":44,"column":65}},"30":{"start":{"line":48,"column":0},"end":{"line":48,"column":21}}},"fnMap":{"0":{"name":"(anonymous_0)","decl":{"start":{"line":8,"column":13},"end":{"line":8,"column":14}},"loc":{"start":{"line":8,"column":27},"end":{"line":10,"column":1}},"line":8},"1":{"name":"(anonymous_1)","decl":{"start":{"line":12,"column":21},"end":{"line":12,"column":22}},"loc":{"start":{"line":12,"column":35},"end":{"line":16,"column":1}},"line":12},"2":{"name":"(anonymous_2)","decl":{"start":{"line":15,"column":31},"end":{"line":15,"column":32}},"loc":{"start":{"line":15,"column":43},"end":{"line":15,"column":59}},"line":15},"3":{"name":"(anonymous_3)","decl":{"start":{"line":18,"column":32},"end":{"line":18,"column":33}},"loc":{"start":{"line":18,"column":46},"end":{"line":26,"column":1}},"line":18},"4":{"name":"(anonymous_4)","decl":{"start":{"line":24,"column":33},"end":{"line":24,"column":34}},"loc":{"start":{"line":24,"column":45},"end":{"line":24,"column":61}},"line":24},"5":{"name":"(anonymous_5)","decl":{"start":{"line":28,"column":39},"end":{"line":28,"column":40}},"loc":{"start":{"line":28,"column":53},"end":{"line":36,"column":1}},"line":28},"6":{"name":"(anonymous_6)","decl":{"start":{"line":34,"column":35},"end":{"line":34,"column":36}},"loc":{"start":{"line":34,"column":47},"end":{"line":34,"column":63}},"line":34},"7":{"name":"(anonymous_7)","decl":{"start":{"line":38,"column":40},"end":{"line":38,"column":41}},"loc":{"start":{"line":38,"column":54},"end":{"line":46,"column":1}},"line":38},"8":{"name":"(anonymous_8)","decl":{"start":{"line":44,"column":37},"end":{"line":44,"column":38}},"loc":{"start":{"line":44,"column":49},"end":{"line":44,"column":65}},"line":44}},"branchMap":{"0":{"loc":{"start":{"line":13,"column":13},"end":{"line":13,"column":40}},"type":"binary-expr","locations":[{"start":{"line":13,"column":13},"end":{"line":13,"column":35}},{"start":{"line":13,"column":39},"end":{"line":13,"column":40}}],"line":13},"1":{"loc":{"start":{"line":14,"column":14},"end":{"line":14,"column":42}},"type":"binary-expr","locations":[{"start":{"line":14,"column":14},"end":{"line":14,"column":37}},{"start":{"line":14,"column":41},"end":{"line":14,"column":42}}],"line":14},"2":{"loc":{"start":{"line":21,"column":2},"end":{"line":25,"column":3}},"type":"if","locations":[{"start":{"line":21,"column":2},"end":{"line":25,"column":3}},{"start":{"line":21,"column":2},"end":{"line":25,"column":3}}],"line":21},"3":{"loc":{"start":{"line":21,"column":6},"end":{"line":21,"column":48}},"type":"binary-expr","locations":[{"start":{"line":21,"column":6},"end":{"line":21,"column":20}},{"start":{"line":21,"column":24},"end":{"line":21,"column":48}}],"line":21},"4":{"loc":{"start":{"line":31,"column":2},"end":{"line":35,"column":3}},"type":"if","locations":[{"start":{"line":31,"column":2},"end":{"line":35,"column":3}},{"start":{"line":31,"column":2},"end":{"line":35,"column":3}}],"line":31},"5":{"loc":{"start":{"line":31,"column":6},"end":{"line":31,"column":48}},"type":"binary-expr","locations":[{"start":{"line":31,"column":6},"end":{"line":31,"column":20}},{"start":{"line":31,"column":24},"end":{"line":31,"column":48}}],"line":31},"6":{"loc":{"start":{"line":41,"column":2},"end":{"line":45,"column":3}},"type":"if","locations":[{"start":{"line":41,"column":2},"end":{"line":45,"column":3}},{"start":{"line":41,"column":2},"end":{"line":45,"column":3}}],"line":41},"7":{"loc":{"start":{"line":41,"column":6},"end":{"line":41,"column":48}},"type":"binary-expr","locations":[{"start":{"line":41,"column":6},"end":{"line":41,"column":20}},{"start":{"line":41,"column":24},"end":{"line":41,"column":48}}],"line":41}},"s":{"0":1,"1":1,"2":1,"3":1,"4":1,"5":1,"6":1,"7":1,"8":1,"9":1,"10":1,"11":1,"12":1,"13":1,"14":1,"15":0,"16":1,"17":1,"18":1,"19":1,"20":1,"21":0,"22":1,"23":1,"24":1,"25":1,"26":1,"27":0,"28":1,"29":1,"30":1},"f":{"0":1,"1":1,"2":1,"3":1,"4":1,"5":1,"6":1,"7":1,"8":1},"b":{"0":[1,1],"1":[1,1],"2":[0,1],"3":[1,1],"4":[0,1],"5":[1,1],"6":[0,1],"7":[1,1]},"_coverageSchema":"1a1c01bbd47fc00a2c39e90264f33305004495a9","hash":"fdf0a6e9c05dcc234c95d9732c3681e2a0ce2577"}
,"/home/luka/Desktop/Senior projects/Atelier/dbQueries.js": {"path":"/home/luka/Desktop/Senior projects/Atelier/dbQueries.js","statementMap":{"0":{"start":{"line":1,"column":17},"end":{"line":1,"column":30}},"1":{"start":{"line":3,"column":13},"end":{"line":8,"column":2}},"2":{"start":{"line":11,"column":14},"end":{"line":11,"column":34}},"3":{"start":{"line":12,"column":2},"end":{"line":15,"column":4}},"4":{"start":{"line":13,"column":4},"end":{"line":13,"column":32}},"5":{"start":{"line":13,"column":13},"end":{"line":13,"column":32}},"6":{"start":{"line":14,"column":4},"end":{"line":14,"column":17}},"7":{"start":{"line":19,"column":2},"end":{"line":24,"column":4}},"8":{"start":{"line":22,"column":4},"end":{"line":22,"column":32}},"9":{"start":{"line":22,"column":13},"end":{"line":22,"column":32}},"10":{"start":{"line":23,"column":4},"end":{"line":23,"column":20}},"11":{"start":{"line":28,"column":2},"end":{"line":80,"column":4}},"12":{"start":{"line":36,"column":4},"end":{"line":36,"column":32}},"13":{"start":{"line":36,"column":13},"end":{"line":36,"column":32}},"14":{"start":{"line":37,"column":17},"end":{"line":37,"column":25}},"15":{"start":{"line":41,"column":19},"end":{"line":41,"column":21}},"16":{"start":{"line":43,"column":4},"end":{"line":71,"column":7}},"17":{"start":{"line":44,"column":6},"end":{"line":70,"column":10}},"18":{"start":{"line":46,"column":22},"end":{"line":46,"column":36}},"19":{"start":{"line":48,"column":8},"end":{"line":69,"column":10}},"20":{"start":{"line":57,"column":10},"end":{"line":57,"column":38}},"21":{"start":{"line":57,"column":19},"end":{"line":57,"column":38}},"22":{"start":{"line":58,"column":21},"end":{"line":58,"column":23}},"23":{"start":{"line":60,"column":10},"end":{"line":63,"column":12}},"24":{"start":{"line":61,"column":24},"end":{"line":61,"column":61}},"25":{"start":{"line":62,"column":12},"end":{"line":62,"column":55}},"26":{"start":{"line":65,"column":10},"end":{"line":65,"column":57}},"27":{"start":{"line":66,"column":10},"end":{"line":66,"column":84}},"28":{"start":{"line":67,"column":10},"end":{"line":67,"column":28}},"29":{"start":{"line":68,"column":10},"end":{"line":68,"column":23}},"30":{"start":{"line":73,"column":4},"end":{"line":79,"column":6}},"31":{"start":{"line":74,"column":19},"end":{"line":77,"column":7}},"32":{"start":{"line":78,"column":6},"end":{"line":78,"column":16}},"33":{"start":{"line":84,"column":2},"end":{"line":91,"column":4}},"34":{"start":{"line":85,"column":4},"end":{"line":85,"column":32}},"35":{"start":{"line":85,"column":13},"end":{"line":85,"column":32}},"36":{"start":{"line":86,"column":18},"end":{"line":86,"column":20}},"37":{"start":{"line":87,"column":4},"end":{"line":89,"column":6}},"38":{"start":{"line":88,"column":6},"end":{"line":88,"column":42}},"39":{"start":{"line":90,"column":4},"end":{"line":90,"column":16}},"40":{"start":{"line":96,"column":0},"end":{"line":102,"column":1}}},"fnMap":{"0":{"name":"listProducts","decl":{"start":{"line":10,"column":9},"end":{"line":10,"column":21}},"loc":{"start":{"line":10,"column":39},"end":{"line":16,"column":1}},"line":10},"1":{"name":"(anonymous_1)","decl":{"start":{"line":12,"column":69},"end":{"line":12,"column":70}},"loc":{"start":{"line":12,"column":83},"end":{"line":15,"column":3}},"line":12},"2":{"name":"getProductInfo","decl":{"start":{"line":18,"column":9},"end":{"line":18,"column":23}},"loc":{"start":{"line":18,"column":39},"end":{"line":25,"column":1}},"line":18},"3":{"name":"(anonymous_3)","decl":{"start":{"line":21,"column":46},"end":{"line":21,"column":47}},"loc":{"start":{"line":21,"column":60},"end":{"line":24,"column":3}},"line":21},"4":{"name":"getProductStyles","decl":{"start":{"line":27,"column":9},"end":{"line":27,"column":25}},"loc":{"start":{"line":27,"column":41},"end":{"line":81,"column":1}},"line":27},"5":{"name":"(anonymous_5)","decl":{"start":{"line":35,"column":39},"end":{"line":35,"column":40}},"loc":{"start":{"line":35,"column":53},"end":{"line":80,"column":3}},"line":35},"6":{"name":"(anonymous_6)","decl":{"start":{"line":43,"column":19},"end":{"line":43,"column":20}},"loc":{"start":{"line":43,"column":28},"end":{"line":71,"column":5}},"line":43},"7":{"name":"(anonymous_7)","decl":{"start":{"line":44,"column":32},"end":{"line":44,"column":33}},"loc":{"start":{"line":44,"column":43},"end":{"line":70,"column":7}},"line":44},"8":{"name":"(anonymous_8)","decl":{"start":{"line":56,"column":54},"end":{"line":56,"column":55}},"loc":{"start":{"line":56,"column":68},"end":{"line":69,"column":9}},"line":56},"9":{"name":"(anonymous_9)","decl":{"start":{"line":60,"column":27},"end":{"line":60,"column":28}},"loc":{"start":{"line":60,"column":34},"end":{"line":63,"column":11}},"line":60},"10":{"name":"(anonymous_10)","decl":{"start":{"line":73,"column":31},"end":{"line":73,"column":32}},"loc":{"start":{"line":73,"column":37},"end":{"line":79,"column":5}},"line":73},"11":{"name":"getRelatedProducts","decl":{"start":{"line":83,"column":9},"end":{"line":83,"column":27}},"loc":{"start":{"line":83,"column":43},"end":{"line":92,"column":1}},"line":83},"12":{"name":"(anonymous_12)","decl":{"start":{"line":84,"column":99},"end":{"line":84,"column":100}},"loc":{"start":{"line":84,"column":113},"end":{"line":91,"column":3}},"line":84},"13":{"name":"(anonymous_13)","decl":{"start":{"line":87,"column":21},"end":{"line":87,"column":22}},"loc":{"start":{"line":87,"column":28},"end":{"line":89,"column":5}},"line":87}},"branchMap":{"0":{"loc":{"start":{"line":13,"column":4},"end":{"line":13,"column":32}},"type":"if","locations":[{"start":{"line":13,"column":4},"end":{"line":13,"column":32}},{"start":{"line":13,"column":4},"end":{"line":13,"column":32}}],"line":13},"1":{"loc":{"start":{"line":22,"column":4},"end":{"line":22,"column":32}},"type":"if","locations":[{"start":{"line":22,"column":4},"end":{"line":22,"column":32}},{"start":{"line":22,"column":4},"end":{"line":22,"column":32}}],"line":22},"2":{"loc":{"start":{"line":36,"column":4},"end":{"line":36,"column":32}},"type":"if","locations":[{"start":{"line":36,"column":4},"end":{"line":36,"column":32}},{"start":{"line":36,"column":4},"end":{"line":36,"column":32}}],"line":36},"3":{"loc":{"start":{"line":57,"column":10},"end":{"line":57,"column":38}},"type":"if","locations":[{"start":{"line":57,"column":10},"end":{"line":57,"column":38}},{"start":{"line":57,"column":10},"end":{"line":57,"column":38}}],"line":57},"4":{"loc":{"start":{"line":66,"column":29},"end":{"line":66,"column":83}},"type":"cond-expr","locations":[{"start":{"line":66,"column":59},"end":{"line":66,"column":64}},{"start":{"line":66,"column":67},"end":{"line":66,"column":83}}],"line":66},"5":{"loc":{"start":{"line":85,"column":4},"end":{"line":85,"column":32}},"type":"if","locations":[{"start":{"line":85,"column":4},"end":{"line":85,"column":32}},{"start":{"line":85,"column":4},"end":{"line":85,"column":32}}],"line":85}},"s":{"0":2,"1":2,"2":5,"3":5,"4":5,"5":0,"6":5,"7":3,"8":3,"9":0,"10":3,"11":2,"12":2,"13":0,"14":2,"15":2,"16":2,"17":4,"18":4,"19":4,"20":4,"21":0,"22":4,"23":4,"24":29,"25":29,"26":4,"27":4,"28":4,"29":4,"30":2,"31":2,"32":2,"33":3,"34":3,"35":0,"36":3,"37":3,"38":14,"39":3,"40":2},"f":{"0":5,"1":5,"2":3,"3":3,"4":2,"5":2,"6":4,"7":4,"8":4,"9":29,"10":2,"11":3,"12":3,"13":14},"b":{"0":[0,5],"1":[0,3],"2":[0,2],"3":[0,4],"4":[4,0],"5":[0,3]},"_coverageSchema":"1a1c01bbd47fc00a2c39e90264f33305004495a9","hash":"469e9d3e4725c1c6104406118b64d46733459534"}
}
