TN:
SF:dbQueries.js
FN:10,listProducts
FN:12,(anonymous_1)
FN:18,getProductInfo
FN:21,(anonymous_3)
FN:27,getProductStyles
FN:35,(anonymous_5)
FN:43,(anonymous_6)
FN:44,(anonymous_7)
FN:56,(anonymous_8)
FN:60,(anonymous_9)
FN:72,(anonymous_10)
FN:82,getRelatedProducts
FN:83,(anonymous_12)
FN:86,(anonymous_13)
FNF:14
FNH:14
FNDA:4,listProducts
FNDA:4,(anonymous_1)
FNDA:2,getProductInfo
FNDA:2,(anonymous_3)
FNDA:1,getProductStyles
FNDA:1,(anonymous_5)
FNDA:1,(anonymous_6)
FNDA:1,(anonymous_7)
FNDA:1,(anonymous_8)
FNDA:11,(anonymous_9)
FNDA:1,(anonymous_10)
FNDA:2,getRelatedProducts
FNDA:2,(anonymous_12)
FNDA:8,(anonymous_13)
DA:1,1
DA:3,1
DA:11,4
DA:12,4
DA:13,4
DA:14,4
DA:19,2
DA:22,2
DA:23,2
DA:28,1
DA:36,1
DA:37,1
DA:41,1
DA:43,1
DA:44,1
DA:46,1
DA:48,1
DA:57,1
DA:58,1
DA:60,1
DA:61,11
DA:62,11
DA:65,1
DA:66,1
DA:67,1
DA:72,1
DA:73,1
DA:77,1
DA:83,2
DA:84,2
DA:85,2
DA:86,2
DA:87,8
DA:89,2
DA:95,1
LF:35
LH:35
BRDA:13,0,0,0
BRDA:13,0,1,4
BRDA:22,1,0,0
BRDA:22,1,1,2
BRDA:36,2,0,0
BRDA:36,2,1,1
BRDA:57,3,0,0
BRDA:57,3,1,1
BRDA:84,4,0,0
BRDA:84,4,1,2
BRF:10
BRH:5
end_of_record
