TN:
SF:app.js
FN:8,(anonymous_0)
FN:12,(anonymous_1)
FN:15,(anonymous_2)
FN:18,(anonymous_3)
FN:24,(anonymous_4)
FN:28,(anonymous_5)
FN:34,(anonymous_6)
FN:38,(anonymous_7)
FN:44,(anonymous_8)
FNF:9
FNH:9
FNDA:1,(anonymous_0)
FNDA:1,(anonymous_1)
FNDA:1,(anonymous_2)
FNDA:1,(anonymous_3)
FNDA:1,(anonymous_4)
FNDA:1,(anonymous_5)
FNDA:1,(anonymous_6)
FNDA:1,(anonymous_7)
FNDA:1,(anonymous_8)
DA:1,1
DA:2,1
DA:3,1
DA:5,1
DA:6,1
DA:8,1
DA:9,1
DA:12,1
DA:13,1
DA:14,1
DA:15,1
DA:18,1
DA:19,1
DA:21,1
DA:22,0
DA:24,1
DA:28,1
DA:29,1
DA:31,1
DA:32,0
DA:34,1
DA:38,1
DA:39,1
DA:41,1
DA:42,0
DA:44,1
DA:48,1
LF:27
LH:24
BRDA:13,0,0,1
BRDA:13,0,1,1
BRDA:14,1,0,1
BRDA:14,1,1,1
BRDA:21,2,0,0
BRDA:21,2,1,1
BRDA:21,3,0,1
BRDA:21,3,1,1
BRDA:31,4,0,0
BRDA:31,4,1,1
BRDA:31,5,0,1
BRDA:31,5,1,1
BRDA:41,6,0,0
BRDA:41,6,1,1
BRDA:41,7,0,1
BRDA:41,7,1,1
BRF:16
BRH:13
end_of_record
TN:
SF:config.js
FNF:0
FNH:0
DA:1,2
LF:1
LH:1
BRF:0
BRH:0
end_of_record
TN:
SF:dbQueries.js
FN:14,listProducts
FN:17,(anonymous_1)
FN:23,getProductInfo
FN:26,(anonymous_3)
FN:32,getProductStyles
FN:40,(anonymous_5)
FN:48,(anonymous_6)
FN:49,(anonymous_7)
FN:61,(anonymous_8)
FN:65,(anonymous_9)
FN:78,(anonymous_10)
FN:88,getRelatedProducts
FN:89,(anonymous_12)
FN:92,(anonymous_13)
FNF:14
FNH:14
FNDA:5,listProducts
FNDA:5,(anonymous_1)
FNDA:3,getProductInfo
FNDA:3,(anonymous_3)
FNDA:4,getProductStyles
FNDA:4,(anonymous_5)
FNDA:13,(anonymous_6)
FNDA:13,(anonymous_7)
FNDA:13,(anonymous_8)
FNDA:83,(anonymous_9)
FNDA:4,(anonymous_10)
FNDA:3,getRelatedProducts
FNDA:3,(anonymous_12)
FNDA:14,(anonymous_13)
DA:1,2
DA:2,2
DA:12,2
DA:15,5
DA:16,5
DA:17,5
DA:18,5
DA:19,5
DA:24,3
DA:27,3
DA:28,3
DA:33,4
DA:41,4
DA:42,4
DA:46,4
DA:48,4
DA:49,13
DA:51,13
DA:53,13
DA:62,13
DA:63,13
DA:65,13
DA:66,83
DA:67,83
DA:70,13
DA:71,13
DA:72,13
DA:73,13
DA:78,4
DA:79,4
DA:83,4
DA:89,3
DA:90,3
DA:91,3
DA:92,3
DA:93,14
DA:95,3
DA:101,2
LF:38
LH:38
BRDA:18,0,0,0
BRDA:18,0,1,5
BRDA:27,1,0,0
BRDA:27,1,1,3
BRDA:41,2,0,0
BRDA:41,2,1,4
BRDA:62,3,0,0
BRDA:62,3,1,13
BRDA:71,4,0,12
BRDA:71,4,1,1
BRDA:90,5,0,0
BRDA:90,5,1,3
BRF:12
BRH:7
end_of_record
